
	            G L O B A L   R E F E R E N C E S

	             Name               Value        Type
	==============================|=======|===============
	ESPACO                           0020         CONSTANT
	FIM_TEXTO                        0040         CONSTANT
	CARD                             0023         CONSTANT
	ON                               0001         CONSTANT
	MASCARA                          8016         CONSTANT
	TESTABITS                        0001         CONSTANT
	CAR1                             0100         CONSTANT
	CAR2                             0200         CONSTANT
	LIMINF                           0015         CONSTANT
	LIMSUP                           0002         CONSTANT
	LIMD                             4E00         CONSTANT
	LIME                             0100         CONSTANT
	POS_INICIAL                      0000         CONSTANT
	POS_INICIAL2                     1700         CONSTANT
	POSI_CANHAO                      0503         CONSTANT
	MOVI                             0100         CONSTANT
	LEDS                             FFF8         CONSTANT
	IO_CTRL                          FFFC         CONSTANT
	IO_WRITE                         FFFE         CONSTANT
	CURSOR_CORD                      FFF4         CONSTANT
	ESCREVER_CORD                    FFF5         CONSTANT
	DISP0                            FFF0         CONSTANT
	DISP1                            FFF1         CONSTANT
	DISP2                            FFF2         CONSTANT
	DISP3                            FFF3         CONSTANT
	TOPO_PILHA                       FDFF         CONSTANT
	TIMERVALUE                       FFF6         CONSTANT
	ENABLETIMER                      0001         CONSTANT
	INTMASK                          FFFA         CONSTANT
	INTMASKMOV                       C01F         CONSTANT
	INTMASKMOV1                      4000         CONSTANT
	INTMASKFIM                       7FFF         CONSTANT
	TIMERCONTROL                     FFF7         CONSTANT
	TIMELONG                         0001         CONSTANT
	PrepPos                          0B22         CONSTANT
	PrimaBotaoPos                    0D1F         CONSTANT
	FimJogoPos                       0B21         CONSTANT
	PontFinalPos                     0D24         CONSTANT
	TabAsteroides                    8000            TABLE
	TabBN                            800D            TABLE
	SPACE                            8012           STRING
	TRACO                            8014           STRING
	ASTEROIDES                       8016           STRING
	BURACONEGRO                      8018           STRING
	CANHAO                           801A           STRING
	Prep                             801E           STRING
	PrimaBotao                       8029           STRING
	FimJogoMsg                       803A           STRING
	ApagaStr                         8046           STRING
	LinhaCardinal                    8096           STRING
	POS_CANHAO                       80E6         VARIABLE
	POS_TIRO                         80E7         VARIABLE
	NumeroDeAst                      80E8         VARIABLE
	QuandoEscreve                    80E9         VARIABLE
	FlagReinicio                     80EA         VARIABLE
	FlagTiroColAst                   80EB         VARIABLE
	FlagExisteTiro                   80EC         VARIABLE
	TimerFlag                        80ED         VARIABLE
	Left                             80EE         VARIABLE
	Right                            80EF         VARIABLE
	Up                               80F0         VARIABLE
	Down                             80F1         VARIABLE
	IE                               80F2         VARIABLE
	RANDOM                           80F3         VARIABLE
	CRIAPOSICAO                      80F4         VARIABLE
	FlagTiro                         80F5         VARIABLE
	Aster                            80F6         VARIABLE
	PosTiroInicial                   80F7         VARIABLE
	FlagMoveObst                     80F8         VARIABLE
	Pontuacao                        80F9         VARIABLE
	FlagHaLEDS                       80FA         VARIABLE
	Un                               80FB         VARIABLE
	Dez                              80FC         VARIABLE
	Cent                             80FD         VARIABLE
	Mil                              80FE         VARIABLE
	INT0                             FE00         VARIABLE
	INT1                             FE01         VARIABLE
	INT2                             FE02         VARIABLE
	INT3                             FE03         VARIABLE
	INT4                             FE04         VARIABLE
	INTIE                            FE0E         VARIABLE
	INT15                            FE0F         VARIABLE
	IEPremido                        0002            LABEL
	Baixo                            000D            LABEL
	Cima                             0018            LABEL
	Direita                          0023            LABEL
	Esquerda                         002E            LABEL
	MandaTiro                        0039            LABEL
	TimerInt                         0042            LABEL
	Aleatorio                        0051            LABEL
	AleatorioZero                    0059            LABEL
	AleatorioNZero                   0060            LABEL
	FimAleatorio                     0069            LABEL
	PontASCII                        0078            LABEL
	PontASCIIFim                     008A            LABEL
	IncrementaUn                     008D            LABEL
	IncrementaDez                    0090            LABEL
	IncrementaCent                   0095            LABEL
	IncrementaMil                    009C            LABEL
	ApagaCanhao                      00A5            LABEL
	ApagaEcra                        00BF            LABEL
	ApEcraCiclo                      00C4            LABEL
	Border                           00D0            LABEL
	DesenhaCanhao                    00DD            LABEL
	NaveContraAst                    0110            LABEL
	NaveCAstCiclo                    0118            LABEL
	NaveCAstFim                      011E            LABEL
	NaveContraBN                     0121            LABEL
	NaveCBNCiclo                     0129            LABEL
	NaveCBNFim                       012F            LABEL
	Colidiu                          0132            LABEL
	EscreveCar                       0136            LABEL
	EscStrLinha                      0141            LABEL
	EscSLCiclo                       0148            LABEL
	EscSLFim                         0153            LABEL
	MensagensIn                      0157            LABEL
	MensagensFim                     0164            LABEL
	Coordenadas                      018C            LABEL
	MovBaixo                         01C0            LABEL
	FimMovBaixo                      01D4            LABEL
	MovCima                          01D9            LABEL
	FimMovCima                       01ED            LABEL
	MovDireita                       01F2            LABEL
	FimMovDireita                    0205            LABEL
	MovEsquerda                      020A            LABEL
	FimMovEsquerda                   021D            LABEL
	TimerFlagA1                      0222            LABEL
	SaltaLEDS                        022C            LABEL
	TiroInicial                      0235            LABEL
	TiroInicialFim                   0248            LABEL
	MoveTiro                         024B            LABEL
	FimMoveTiro                      0266            LABEL
	ApagaTiro                        026D            LABEL
	EscreveTiro                      0274            LABEL
	AtivaExisteTiro                  027B            LABEL
	SelectAstBN                      0280            LABEL
	AstInicial                       028B            LABEL
	BNInicial                        029A            LABEL
	GuardaPosAst                     02A9            LABEL
	PercorreTabela                   02B4            LABEL
	FimCicloPT                       02BA            LABEL
	GuardaPosBN                      02BE            LABEL
	PercorreTabela2                  02C9            LABEL
	FimCicloPT2                      02CF            LABEL
	MoveObstaculos                   02D3            LABEL
	MoveObstFim                      02DC            LABEL
	MoveAst                          02DE            LABEL
	MoveAstCiclo                     02E8            LABEL
	MoveAstFim                       0302            LABEL
	MoveAstLimite                    0307            LABEL
	MoveBN                           030A            LABEL
	MoveBNCiclo                      0314            LABEL
	MoveBNFim                        032E            LABEL
	MoveBNLimite                     0333            LABEL
	ColObstNave                      0336            LABEL
	FimColObstNave                   0349            LABEL
	ColTiroAst                       034D            LABEL
	ColTiroAstCiclo                  0356            LABEL
	ColTiroAstFim                    0373            LABEL
	ColidiuAstTiro                   0377            LABEL
	Atualiza_7Segm                   039B            LABEL
	Inicio                           03B6            LABEL
	EsperaJogo                       03C2            LABEL
	Ciclo                            03DD            LABEL
	FimJogo                          0401            LABEL
	FimJogoEspera                    040D            LABEL
	Inicializa2                      0412            LABEL
